[0.056s] DEBUG:colcon:Command line arguments: ['/usr/bin/colcon', 'build']
[0.056s] DEBUG:colcon:Parsed command line arguments: Namespace(log_base=None, log_level=None, verb_name='build', build_base='build', install_base='install', merge_install=False, symlink_install=False, test_result_base=None, continue_on_error=False, executor='parallel', parallel_workers=20, event_handlers=None, ignore_user_meta=False, metas=['./colcon.meta'], base_paths=['.'], packages_ignore=None, packages_ignore_regex=None, paths=None, packages_up_to=None, packages_up_to_regex=None, packages_above=None, packages_above_and_dependencies=None, packages_above_depth=None, packages_select_by_dep=None, packages_skip_by_dep=None, packages_skip_up_to=None, packages_select_build_failed=False, packages_skip_build_finished=False, packages_select_test_failures=False, packages_skip_test_passed=False, packages_select=None, packages_skip=None, packages_select_regex=None, packages_skip_regex=None, packages_start=None, packages_end=None, allow_overriding=[], cmake_args=None, cmake_target=None, cmake_target_skip_unavailable=False, cmake_clean_cache=False, cmake_clean_first=False, cmake_force_configure=False, ament_cmake_args=None, catkin_cmake_args=None, catkin_skip_building_tests=False, mixin_files=None, mixin=None, verb_parser=<colcon_mixin.mixin.mixin_argument.MixinArgumentDecorator object at 0x741b9fc268c0>, verb_extension=<colcon_core.verb.build.BuildVerb object at 0x741b9fd1aef0>, main=<bound method BuildVerb.main of <colcon_core.verb.build.BuildVerb object at 0x741b9fd1aef0>>, mixin_verb=('build',))
[0.079s] Level 1:colcon.colcon_core.package_discovery:discover_packages(colcon_meta) check parameters
[0.079s] Level 1:colcon.colcon_core.package_discovery:discover_packages(recursive) check parameters
[0.079s] Level 1:colcon.colcon_core.package_discovery:discover_packages(ignore) check parameters
[0.079s] Level 1:colcon.colcon_core.package_discovery:discover_packages(path) check parameters
[0.079s] Level 1:colcon.colcon_core.package_discovery:discover_packages(colcon_meta) discover
[0.079s] Level 1:colcon.colcon_core.package_discovery:discover_packages(recursive) discover
[0.079s] INFO:colcon.colcon_core.package_discovery:Crawling recursively for packages in '/home/igor/Desktop/bluetooth arduino/Workspace ROS'
[0.079s] Level 1:colcon.colcon_core.package_identification:_identify(.) by extensions ['ignore', 'ignore_ament_install']
[0.079s] Level 1:colcon.colcon_core.package_identification:_identify(.) by extension 'ignore'
[0.079s] Level 1:colcon.colcon_core.package_identification:_identify(.) by extension 'ignore_ament_install'
[0.079s] Level 1:colcon.colcon_core.package_identification:_identify(.) by extensions ['colcon_pkg']
[0.079s] Level 1:colcon.colcon_core.package_identification:_identify(.) by extension 'colcon_pkg'
[0.079s] Level 1:colcon.colcon_core.package_identification:_identify(.) by extensions ['colcon_meta']
[0.079s] Level 1:colcon.colcon_core.package_identification:_identify(.) by extension 'colcon_meta'
[0.079s] Level 1:colcon.colcon_core.package_identification:_identify(.) by extensions ['ros']
[0.079s] Level 1:colcon.colcon_core.package_identification:_identify(.) by extension 'ros'
[0.088s] Level 1:colcon.colcon_core.package_identification:_identify(.) by extensions ['cmake', 'python']
[0.088s] Level 1:colcon.colcon_core.package_identification:_identify(.) by extension 'cmake'
[0.088s] Level 1:colcon.colcon_core.package_identification:_identify(.) by extension 'python'
[0.088s] Level 1:colcon.colcon_core.package_identification:_identify(.) by extensions ['python_setup_py']
[0.088s] Level 1:colcon.colcon_core.package_identification:_identify(.) by extension 'python_setup_py'
[0.088s] Level 1:colcon.colcon_core.package_identification:_identify(bluetooth) by extensions ['ignore', 'ignore_ament_install']
[0.088s] Level 1:colcon.colcon_core.package_identification:_identify(bluetooth) by extension 'ignore'
[0.088s] Level 1:colcon.colcon_core.package_identification:_identify(bluetooth) by extension 'ignore_ament_install'
[0.088s] Level 1:colcon.colcon_core.package_identification:_identify(bluetooth) by extensions ['colcon_pkg']
[0.088s] Level 1:colcon.colcon_core.package_identification:_identify(bluetooth) by extension 'colcon_pkg'
[0.088s] Level 1:colcon.colcon_core.package_identification:_identify(bluetooth) by extensions ['colcon_meta']
[0.088s] Level 1:colcon.colcon_core.package_identification:_identify(bluetooth) by extension 'colcon_meta'
[0.088s] Level 1:colcon.colcon_core.package_identification:_identify(bluetooth) by extensions ['ros']
[0.088s] Level 1:colcon.colcon_core.package_identification:_identify(bluetooth) by extension 'ros'
[0.088s] Level 1:colcon.colcon_core.package_identification:_identify(bluetooth) by extensions ['cmake', 'python']
[0.088s] Level 1:colcon.colcon_core.package_identification:_identify(bluetooth) by extension 'cmake'
[0.088s] Level 1:colcon.colcon_core.package_identification:_identify(bluetooth) by extension 'python'
[0.088s] Level 1:colcon.colcon_core.package_identification:_identify(bluetooth) by extensions ['python_setup_py']
[0.088s] Level 1:colcon.colcon_core.package_identification:_identify(bluetooth) by extension 'python_setup_py'
[0.088s] Level 1:colcon.colcon_core.package_identification:_identify(build) by extensions ['ignore', 'ignore_ament_install']
[0.088s] Level 1:colcon.colcon_core.package_identification:_identify(build) by extension 'ignore'
[0.088s] Level 1:colcon.colcon_core.package_identification:_identify(build) ignored
[0.088s] Level 1:colcon.colcon_core.package_identification:_identify(install) by extensions ['ignore', 'ignore_ament_install']
[0.088s] Level 1:colcon.colcon_core.package_identification:_identify(install) by extension 'ignore'
[0.088s] Level 1:colcon.colcon_core.package_identification:_identify(install) ignored
[0.088s] Level 1:colcon.colcon_core.package_identification:_identify(log) by extensions ['ignore', 'ignore_ament_install']
[0.088s] Level 1:colcon.colcon_core.package_identification:_identify(log) by extension 'ignore'
[0.089s] Level 1:colcon.colcon_core.package_identification:_identify(log) ignored
[0.089s] Level 1:colcon.colcon_core.package_identification:_identify(src) by extensions ['ignore', 'ignore_ament_install']
[0.089s] Level 1:colcon.colcon_core.package_identification:_identify(src) by extension 'ignore'
[0.089s] Level 1:colcon.colcon_core.package_identification:_identify(src) by extension 'ignore_ament_install'
[0.089s] Level 1:colcon.colcon_core.package_identification:_identify(src) by extensions ['colcon_pkg']
[0.089s] Level 1:colcon.colcon_core.package_identification:_identify(src) by extension 'colcon_pkg'
[0.089s] Level 1:colcon.colcon_core.package_identification:_identify(src) by extensions ['colcon_meta']
[0.089s] Level 1:colcon.colcon_core.package_identification:_identify(src) by extension 'colcon_meta'
[0.089s] Level 1:colcon.colcon_core.package_identification:_identify(src) by extensions ['ros']
[0.089s] Level 1:colcon.colcon_core.package_identification:_identify(src) by extension 'ros'
[0.089s] Level 1:colcon.colcon_core.package_identification:_identify(src) by extensions ['cmake', 'python']
[0.089s] Level 1:colcon.colcon_core.package_identification:_identify(src) by extension 'cmake'
[0.089s] Level 1:colcon.colcon_core.package_identification:_identify(src) by extension 'python'
[0.089s] Level 1:colcon.colcon_core.package_identification:_identify(src) by extensions ['python_setup_py']
[0.089s] Level 1:colcon.colcon_core.package_identification:_identify(src) by extension 'python_setup_py'
[0.089s] Level 1:colcon.colcon_core.package_identification:_identify(src/PubSubBlue) by extensions ['ignore', 'ignore_ament_install']
[0.089s] Level 1:colcon.colcon_core.package_identification:_identify(src/PubSubBlue) by extension 'ignore'
[0.089s] Level 1:colcon.colcon_core.package_identification:_identify(src/PubSubBlue) by extension 'ignore_ament_install'
[0.089s] Level 1:colcon.colcon_core.package_identification:_identify(src/PubSubBlue) by extensions ['colcon_pkg']
[0.089s] Level 1:colcon.colcon_core.package_identification:_identify(src/PubSubBlue) by extension 'colcon_pkg'
[0.089s] Level 1:colcon.colcon_core.package_identification:_identify(src/PubSubBlue) by extensions ['colcon_meta']
[0.089s] Level 1:colcon.colcon_core.package_identification:_identify(src/PubSubBlue) by extension 'colcon_meta'
[0.089s] Level 1:colcon.colcon_core.package_identification:_identify(src/PubSubBlue) by extensions ['ros']
[0.089s] Level 1:colcon.colcon_core.package_identification:_identify(src/PubSubBlue) by extension 'ros'
[0.090s] DEBUG:colcon.colcon_core.package_identification:Package 'src/PubSubBlue' with type 'ros.ament_python' and name 'PubSubBlue'
[0.090s] Level 1:colcon.colcon_core.package_discovery:discover_packages(recursive) using defaults
[0.090s] Level 1:colcon.colcon_core.package_discovery:discover_packages(ignore) discover
[0.090s] Level 1:colcon.colcon_core.package_discovery:discover_packages(ignore) using defaults
[0.090s] Level 1:colcon.colcon_core.package_discovery:discover_packages(path) discover
[0.090s] Level 1:colcon.colcon_core.package_discovery:discover_packages(path) using defaults
[0.101s] Level 1:colcon.colcon_core.package_discovery:discover_packages(prefix_path) check parameters
[0.101s] Level 1:colcon.colcon_core.package_discovery:discover_packages(prefix_path) discover
[0.102s] DEBUG:colcon.colcon_installed_package_information.package_discovery:Found 1 installed packages in /home/igor/Desktop/bluetooth arduino/Workspace ROS/install
[0.103s] DEBUG:colcon.colcon_installed_package_information.package_discovery:Found 281 installed packages in /opt/ros/iron
[0.103s] Level 1:colcon.colcon_core.package_discovery:discover_packages(prefix_path) using defaults
[0.124s] Level 5:colcon.colcon_core.verb:set package 'PubSubBlue' build argument 'cmake_args' from command line to 'None'
[0.124s] Level 5:colcon.colcon_core.verb:set package 'PubSubBlue' build argument 'cmake_target' from command line to 'None'
[0.124s] Level 5:colcon.colcon_core.verb:set package 'PubSubBlue' build argument 'cmake_target_skip_unavailable' from command line to 'False'
[0.124s] Level 5:colcon.colcon_core.verb:set package 'PubSubBlue' build argument 'cmake_clean_cache' from command line to 'False'
[0.124s] Level 5:colcon.colcon_core.verb:set package 'PubSubBlue' build argument 'cmake_clean_first' from command line to 'False'
[0.124s] Level 5:colcon.colcon_core.verb:set package 'PubSubBlue' build argument 'cmake_force_configure' from command line to 'False'
[0.124s] Level 5:colcon.colcon_core.verb:set package 'PubSubBlue' build argument 'ament_cmake_args' from command line to 'None'
[0.124s] Level 5:colcon.colcon_core.verb:set package 'PubSubBlue' build argument 'catkin_cmake_args' from command line to 'None'
[0.124s] Level 5:colcon.colcon_core.verb:set package 'PubSubBlue' build argument 'catkin_skip_building_tests' from command line to 'False'
[0.124s] DEBUG:colcon.colcon_core.verb:Building package 'PubSubBlue' with the following arguments: {'ament_cmake_args': None, 'build_base': '/home/igor/Desktop/bluetooth arduino/Workspace ROS/build/PubSubBlue', 'catkin_cmake_args': None, 'catkin_skip_building_tests': False, 'cmake_args': None, 'cmake_clean_cache': False, 'cmake_clean_first': False, 'cmake_force_configure': False, 'cmake_target': None, 'cmake_target_skip_unavailable': False, 'install_base': '/home/igor/Desktop/bluetooth arduino/Workspace ROS/install/PubSubBlue', 'merge_install': False, 'path': '/home/igor/Desktop/bluetooth arduino/Workspace ROS/src/PubSubBlue', 'symlink_install': False, 'test_result_base': None}
[0.124s] INFO:colcon.colcon_core.executor:Executing jobs using 'parallel' executor
[0.125s] DEBUG:colcon.colcon_parallel_executor.executor.parallel:run_until_complete
[0.125s] INFO:colcon.colcon_ros.task.ament_python.build:Building ROS package in '/home/igor/Desktop/bluetooth arduino/Workspace ROS/src/PubSubBlue' with build type 'ament_python'
[0.125s] Level 1:colcon.colcon_core.shell:create_environment_hook('PubSubBlue', 'ament_prefix_path')
[0.126s] INFO:colcon.colcon_core.plugin_system:Skipping extension 'colcon_core.shell.bat': Not used on non-Windows systems
[0.126s] INFO:colcon.colcon_core.shell:Creating environment hook '/home/igor/Desktop/bluetooth arduino/Workspace ROS/install/PubSubBlue/share/PubSubBlue/hook/ament_prefix_path.ps1'
[0.127s] INFO:colcon.colcon_core.shell:Creating environment descriptor '/home/igor/Desktop/bluetooth arduino/Workspace ROS/install/PubSubBlue/share/PubSubBlue/hook/ament_prefix_path.dsv'
[0.127s] INFO:colcon.colcon_core.shell:Creating environment hook '/home/igor/Desktop/bluetooth arduino/Workspace ROS/install/PubSubBlue/share/PubSubBlue/hook/ament_prefix_path.sh'
[0.127s] INFO:colcon.colcon_core.shell:Skip shell extension 'powershell' for command environment: Not usable outside of PowerShell
[0.127s] DEBUG:colcon.colcon_core.shell:Skip shell extension 'dsv' for command environment
[0.244s] INFO:colcon.colcon_core.task.python.build:Building Python package in '/home/igor/Desktop/bluetooth arduino/Workspace ROS/src/PubSubBlue'
[0.244s] INFO:colcon.colcon_core.shell:Skip shell extension 'powershell' for command environment: Not usable outside of PowerShell
[0.244s] DEBUG:colcon.colcon_core.shell:Skip shell extension 'dsv' for command environment
[0.502s] DEBUG:colcon.colcon_core.event_handler.log_command:Invoking command in '/home/igor/Desktop/bluetooth arduino/Workspace ROS/src/PubSubBlue': PYTHONPATH=/home/igor/Desktop/bluetooth arduino/Workspace ROS/build/PubSubBlue/prefix_override:/usr/lib/python3/dist-packages/colcon_core/task/python/colcon_distutils_commands:/home/igor/Desktop/bluetooth arduino/Workspace ROS/install/PubSubBlue/lib/python3.10/site-packages:${PYTHONPATH} /usr/bin/python3 -W ignore:setup.py install is deprecated setup.py egg_info --egg-base ../../build/PubSubBlue build --build-base /home/igor/Desktop/bluetooth arduino/Workspace ROS/build/PubSubBlue/build install --record /home/igor/Desktop/bluetooth arduino/Workspace ROS/build/PubSubBlue/install.log --single-version-externally-managed install_data
[0.750s] DEBUG:colcon.colcon_core.event_handler.log_command:Invoked command in '/home/igor/Desktop/bluetooth arduino/Workspace ROS/src/PubSubBlue' returned '0': PYTHONPATH=/home/igor/Desktop/bluetooth arduino/Workspace ROS/build/PubSubBlue/prefix_override:/usr/lib/python3/dist-packages/colcon_core/task/python/colcon_distutils_commands:/home/igor/Desktop/bluetooth arduino/Workspace ROS/install/PubSubBlue/lib/python3.10/site-packages:${PYTHONPATH} /usr/bin/python3 -W ignore:setup.py install is deprecated setup.py egg_info --egg-base ../../build/PubSubBlue build --build-base /home/igor/Desktop/bluetooth arduino/Workspace ROS/build/PubSubBlue/build install --record /home/igor/Desktop/bluetooth arduino/Workspace ROS/build/PubSubBlue/install.log --single-version-externally-managed install_data
[0.751s] Level 1:colcon.colcon_core.environment:checking '/home/igor/Desktop/bluetooth arduino/Workspace ROS/install/PubSubBlue' for CMake module files
[0.751s] Level 1:colcon.colcon_core.environment:checking '/home/igor/Desktop/bluetooth arduino/Workspace ROS/install/PubSubBlue' for CMake config files
[0.751s] Level 1:colcon.colcon_core.environment:checking '/home/igor/Desktop/bluetooth arduino/Workspace ROS/install/PubSubBlue/lib'
[0.752s] Level 1:colcon.colcon_core.environment:checking '/home/igor/Desktop/bluetooth arduino/Workspace ROS/install/PubSubBlue/bin'
[0.752s] Level 1:colcon.colcon_core.environment:checking '/home/igor/Desktop/bluetooth arduino/Workspace ROS/install/PubSubBlue/lib/pkgconfig/PubSubBlue.pc'
[0.752s] Level 1:colcon.colcon_core.environment:checking '/home/igor/Desktop/bluetooth arduino/Workspace ROS/install/PubSubBlue/lib/python3.10/site-packages'
[0.752s] Level 1:colcon.colcon_core.shell:create_environment_hook('PubSubBlue', 'pythonpath')
[0.752s] INFO:colcon.colcon_core.shell:Creating environment hook '/home/igor/Desktop/bluetooth arduino/Workspace ROS/install/PubSubBlue/share/PubSubBlue/hook/pythonpath.ps1'
[0.752s] INFO:colcon.colcon_core.shell:Creating environment descriptor '/home/igor/Desktop/bluetooth arduino/Workspace ROS/install/PubSubBlue/share/PubSubBlue/hook/pythonpath.dsv'
[0.752s] INFO:colcon.colcon_core.shell:Creating environment hook '/home/igor/Desktop/bluetooth arduino/Workspace ROS/install/PubSubBlue/share/PubSubBlue/hook/pythonpath.sh'
[0.753s] Level 1:colcon.colcon_core.environment:checking '/home/igor/Desktop/bluetooth arduino/Workspace ROS/install/PubSubBlue/bin'
[0.753s] Level 1:colcon.colcon_core.environment:create_environment_scripts_only(PubSubBlue)
[0.753s] INFO:colcon.colcon_core.shell:Creating package script '/home/igor/Desktop/bluetooth arduino/Workspace ROS/install/PubSubBlue/share/PubSubBlue/package.ps1'
[0.753s] INFO:colcon.colcon_core.shell:Creating package descriptor '/home/igor/Desktop/bluetooth arduino/Workspace ROS/install/PubSubBlue/share/PubSubBlue/package.dsv'
[0.753s] INFO:colcon.colcon_core.shell:Creating package script '/home/igor/Desktop/bluetooth arduino/Workspace ROS/install/PubSubBlue/share/PubSubBlue/package.sh'
[0.754s] INFO:colcon.colcon_core.shell:Creating package script '/home/igor/Desktop/bluetooth arduino/Workspace ROS/install/PubSubBlue/share/PubSubBlue/package.bash'
[0.754s] INFO:colcon.colcon_core.shell:Creating package script '/home/igor/Desktop/bluetooth arduino/Workspace ROS/install/PubSubBlue/share/PubSubBlue/package.zsh'
[0.754s] Level 1:colcon.colcon_core.environment:create_file_with_runtime_dependencies(/home/igor/Desktop/bluetooth arduino/Workspace ROS/install/PubSubBlue/share/colcon-core/packages/PubSubBlue)
[0.755s] DEBUG:colcon.colcon_parallel_executor.executor.parallel:closing loop
[0.755s] DEBUG:colcon.colcon_parallel_executor.executor.parallel:loop closed
[0.755s] DEBUG:colcon.colcon_parallel_executor.executor.parallel:run_until_complete finished with '0'
[0.755s] DEBUG:colcon.colcon_core.event_reactor:joining thread
[0.758s] INFO:colcon.colcon_core.plugin_system:Skipping extension 'colcon_notification.desktop_notification.terminal_notifier': Not used on non-Darwin systems
[0.758s] INFO:colcon.colcon_core.plugin_system:Skipping extension 'colcon_notification.desktop_notification.win32': Not used on non-Windows systems
[0.758s] INFO:colcon.colcon_notification.desktop_notification:Sending desktop notification using 'notify2'
[0.766s] DEBUG:colcon.colcon_core.event_reactor:joined thread
[0.766s] INFO:colcon.colcon_core.shell:Creating prefix script '/home/igor/Desktop/bluetooth arduino/Workspace ROS/install/local_setup.ps1'
[0.767s] INFO:colcon.colcon_core.shell:Creating prefix util module '/home/igor/Desktop/bluetooth arduino/Workspace ROS/install/_local_setup_util_ps1.py'
[0.767s] INFO:colcon.colcon_core.shell:Creating prefix chain script '/home/igor/Desktop/bluetooth arduino/Workspace ROS/install/setup.ps1'
[0.768s] INFO:colcon.colcon_core.shell:Creating prefix script '/home/igor/Desktop/bluetooth arduino/Workspace ROS/install/local_setup.sh'
[0.768s] INFO:colcon.colcon_core.shell:Creating prefix util module '/home/igor/Desktop/bluetooth arduino/Workspace ROS/install/_local_setup_util_sh.py'
[0.768s] INFO:colcon.colcon_core.shell:Creating prefix chain script '/home/igor/Desktop/bluetooth arduino/Workspace ROS/install/setup.sh'
[0.769s] INFO:colcon.colcon_core.shell:Creating prefix script '/home/igor/Desktop/bluetooth arduino/Workspace ROS/install/local_setup.bash'
[0.769s] INFO:colcon.colcon_core.shell:Creating prefix chain script '/home/igor/Desktop/bluetooth arduino/Workspace ROS/install/setup.bash'
[0.770s] INFO:colcon.colcon_core.shell:Creating prefix script '/home/igor/Desktop/bluetooth arduino/Workspace ROS/install/local_setup.zsh'
[0.770s] INFO:colcon.colcon_core.shell:Creating prefix chain script '/home/igor/Desktop/bluetooth arduino/Workspace ROS/install/setup.zsh'
