[0.401s] Invoking command in '/home/igor/Projeto_Arduino_Blue/src/PubSubBlue': PYTHONPATH=/home/igor/Projeto_Arduino_Blue/build/PubSubBlue/prefix_override:/usr/lib/python3/dist-packages/colcon_core/task/python/colcon_distutils_commands:/home/igor/Projeto_Arduino_Blue/install/PubSubBlue/lib/python3.10/site-packages:${PYTHONPATH} /usr/bin/python3 -W ignore:setup.py install is deprecated setup.py egg_info --egg-base ../../build/PubSubBlue build --build-base /home/igor/Projeto_Arduino_Blue/build/PubSubBlue/build install --record /home/igor/Projeto_Arduino_Blue/build/PubSubBlue/install.log --single-version-externally-managed install_data
[0.537s] running egg_info
[0.545s] writing ../../build/PubSubBlue/PubSubBlue.egg-info/PKG-INFO
[0.545s] writing dependency_links to ../../build/PubSubBlue/PubSubBlue.egg-info/dependency_links.txt
[0.545s] writing entry points to ../../build/PubSubBlue/PubSubBlue.egg-info/entry_points.txt
[0.546s] writing requirements to ../../build/PubSubBlue/PubSubBlue.egg-info/requires.txt
[0.546s] writing top-level names to ../../build/PubSubBlue/PubSubBlue.egg-info/top_level.txt
[0.563s] reading manifest file '../../build/PubSubBlue/PubSubBlue.egg-info/SOURCES.txt'
[0.564s] writing manifest file '../../build/PubSubBlue/PubSubBlue.egg-info/SOURCES.txt'
[0.564s] running build
[0.564s] running build_py
[0.564s] copying PubSubBlue/__init__.py -> /home/igor/Projeto_Arduino_Blue/build/PubSubBlue/build/lib/PubSubBlue
[0.564s] copying PubSubBlue/BTRecebe.py -> /home/igor/Projeto_Arduino_Blue/build/PubSubBlue/build/lib/PubSubBlue
[0.565s] copying PubSubBlue/BTEnvia.py -> /home/igor/Projeto_Arduino_Blue/build/PubSubBlue/build/lib/PubSubBlue
[0.565s] running install
[0.567s] running install_lib
[0.575s] running install_data
[0.576s] copying resource/PubSubBlue -> /home/igor/Projeto_Arduino_Blue/install/PubSubBlue/share/ament_index/resource_index/packages
[0.576s] copying package.xml -> /home/igor/Projeto_Arduino_Blue/install/PubSubBlue/share/PubSubBlue
[0.576s] running install_egg_info
[0.584s] removing '/home/igor/Projeto_Arduino_Blue/install/PubSubBlue/lib/python3.10/site-packages/PubSubBlue-0.0.0-py3.10.egg-info' (and everything under it)
[0.584s] Copying ../../build/PubSubBlue/PubSubBlue.egg-info to /home/igor/Projeto_Arduino_Blue/install/PubSubBlue/lib/python3.10/site-packages/PubSubBlue-0.0.0-py3.10.egg-info
[0.584s] running install_scripts
[0.656s] Installing envia script to /home/igor/Projeto_Arduino_Blue/install/PubSubBlue/lib/PubSubBlue
[0.656s] Installing recebe script to /home/igor/Projeto_Arduino_Blue/install/PubSubBlue/lib/PubSubBlue
[0.656s] writing list of installed files to '/home/igor/Projeto_Arduino_Blue/build/PubSubBlue/install.log'
[0.672s] Invoked command in '/home/igor/Projeto_Arduino_Blue/src/PubSubBlue' returned '0': PYTHONPATH=/home/igor/Projeto_Arduino_Blue/build/PubSubBlue/prefix_override:/usr/lib/python3/dist-packages/colcon_core/task/python/colcon_distutils_commands:/home/igor/Projeto_Arduino_Blue/install/PubSubBlue/lib/python3.10/site-packages:${PYTHONPATH} /usr/bin/python3 -W ignore:setup.py install is deprecated setup.py egg_info --egg-base ../../build/PubSubBlue build --build-base /home/igor/Projeto_Arduino_Blue/build/PubSubBlue/build install --record /home/igor/Projeto_Arduino_Blue/build/PubSubBlue/install.log --single-version-externally-managed install_data
