[0.406s] Invoking command in '/home/igor/Desktop/bluetooth arduino/Workspace ROS/src/PubSubBlue': PYTHONPATH=/home/igor/Desktop/bluetooth arduino/Workspace ROS/build/PubSubBlue/prefix_override:/usr/lib/python3/dist-packages/colcon_core/task/python/colcon_distutils_commands:/home/igor/Desktop/bluetooth arduino/Workspace ROS/install/PubSubBlue/lib/python3.10/site-packages:${PYTHONPATH} /usr/bin/python3 -W ignore:setup.py install is deprecated setup.py egg_info --egg-base ../../build/PubSubBlue build --build-base /home/igor/Desktop/bluetooth arduino/Workspace ROS/build/PubSubBlue/build install --record /home/igor/Desktop/bluetooth arduino/Workspace ROS/build/PubSubBlue/install.log --single-version-externally-managed install_data
[0.535s] running egg_info
[0.543s] writing ../../build/PubSubBlue/PubSubBlue.egg-info/PKG-INFO
[0.543s] writing dependency_links to ../../build/PubSubBlue/PubSubBlue.egg-info/dependency_links.txt
[0.543s] writing entry points to ../../build/PubSubBlue/PubSubBlue.egg-info/entry_points.txt
[0.543s] writing requirements to ../../build/PubSubBlue/PubSubBlue.egg-info/requires.txt
[0.543s] writing top-level names to ../../build/PubSubBlue/PubSubBlue.egg-info/top_level.txt
[0.560s] reading manifest file '../../build/PubSubBlue/PubSubBlue.egg-info/SOURCES.txt'
[0.561s] writing manifest file '../../build/PubSubBlue/PubSubBlue.egg-info/SOURCES.txt'
[0.561s] running build
[0.561s] running build_py
[0.561s] copying PubSubBlue/__init__.py -> /home/igor/Desktop/bluetooth arduino/Workspace ROS/build/PubSubBlue/build/lib/PubSubBlue
[0.561s] copying PubSubBlue/BTSend.py -> /home/igor/Desktop/bluetooth arduino/Workspace ROS/build/PubSubBlue/build/lib/PubSubBlue
[0.561s] copying PubSubBlue/BTReceive.py -> /home/igor/Desktop/bluetooth arduino/Workspace ROS/build/PubSubBlue/build/lib/PubSubBlue
[0.561s] copying PubSubBlue/Connect.py -> /home/igor/Desktop/bluetooth arduino/Workspace ROS/build/PubSubBlue/build/lib/PubSubBlue
[0.561s] running install
[0.564s] running install_lib
[0.571s] copying /home/igor/Desktop/bluetooth arduino/Workspace ROS/build/PubSubBlue/build/lib/PubSubBlue/BTSend.py -> /home/igor/Desktop/bluetooth arduino/Workspace ROS/install/PubSubBlue/lib/python3.10/site-packages/PubSubBlue
[0.571s] copying /home/igor/Desktop/bluetooth arduino/Workspace ROS/build/PubSubBlue/build/lib/PubSubBlue/BTReceive.py -> /home/igor/Desktop/bluetooth arduino/Workspace ROS/install/PubSubBlue/lib/python3.10/site-packages/PubSubBlue
[0.571s] copying /home/igor/Desktop/bluetooth arduino/Workspace ROS/build/PubSubBlue/build/lib/PubSubBlue/Connect.py -> /home/igor/Desktop/bluetooth arduino/Workspace ROS/install/PubSubBlue/lib/python3.10/site-packages/PubSubBlue
[0.571s] byte-compiling /home/igor/Desktop/bluetooth arduino/Workspace ROS/install/PubSubBlue/lib/python3.10/site-packages/PubSubBlue/BTSend.py to BTSend.cpython-310.pyc
[0.572s] byte-compiling /home/igor/Desktop/bluetooth arduino/Workspace ROS/install/PubSubBlue/lib/python3.10/site-packages/PubSubBlue/BTReceive.py to BTReceive.cpython-310.pyc
[0.572s] byte-compiling /home/igor/Desktop/bluetooth arduino/Workspace ROS/install/PubSubBlue/lib/python3.10/site-packages/PubSubBlue/Connect.py to Connect.cpython-310.pyc
[0.572s] running install_data
[0.572s] copying resource/PubSubBlue -> /home/igor/Desktop/bluetooth arduino/Workspace ROS/install/PubSubBlue/share/ament_index/resource_index/packages
[0.572s] copying package.xml -> /home/igor/Desktop/bluetooth arduino/Workspace ROS/install/PubSubBlue/share/PubSubBlue
[0.572s] running install_egg_info
[0.580s] removing '/home/igor/Desktop/bluetooth arduino/Workspace ROS/install/PubSubBlue/lib/python3.10/site-packages/PubSubBlue-0.0.0-py3.10.egg-info' (and everything under it)
[0.581s] Copying ../../build/PubSubBlue/PubSubBlue.egg-info to /home/igor/Desktop/bluetooth arduino/Workspace ROS/install/PubSubBlue/lib/python3.10/site-packages/PubSubBlue-0.0.0-py3.10.egg-info
[0.582s] running install_scripts
[0.646s] Installing Receive script to /home/igor/Desktop/bluetooth arduino/Workspace ROS/install/PubSubBlue/lib/PubSubBlue
[0.646s] Installing Send script to /home/igor/Desktop/bluetooth arduino/Workspace ROS/install/PubSubBlue/lib/PubSubBlue
[0.646s] writing list of installed files to '/home/igor/Desktop/bluetooth arduino/Workspace ROS/build/PubSubBlue/install.log'
[0.661s] Invoked command in '/home/igor/Desktop/bluetooth arduino/Workspace ROS/src/PubSubBlue' returned '0': PYTHONPATH=/home/igor/Desktop/bluetooth arduino/Workspace ROS/build/PubSubBlue/prefix_override:/usr/lib/python3/dist-packages/colcon_core/task/python/colcon_distutils_commands:/home/igor/Desktop/bluetooth arduino/Workspace ROS/install/PubSubBlue/lib/python3.10/site-packages:${PYTHONPATH} /usr/bin/python3 -W ignore:setup.py install is deprecated setup.py egg_info --egg-base ../../build/PubSubBlue build --build-base /home/igor/Desktop/bluetooth arduino/Workspace ROS/build/PubSubBlue/build install --record /home/igor/Desktop/bluetooth arduino/Workspace ROS/build/PubSubBlue/install.log --single-version-externally-managed install_data
