running egg_info
creating ../../../build/PubSubBlue/PubSubBlue.egg-info
writing ../../../build/PubSubBlue/PubSubBlue.egg-info/PKG-INFO
writing dependency_links to ../../../build/PubSubBlue/PubSubBlue.egg-info/dependency_links.txt
writing entry points to ../../../build/PubSubBlue/PubSubBlue.egg-info/entry_points.txt
writing requirements to ../../../build/PubSubBlue/PubSubBlue.egg-info/requires.txt
writing top-level names to ../../../build/PubSubBlue/PubSubBlue.egg-info/top_level.txt
writing manifest file '../../../build/PubSubBlue/PubSubBlue.egg-info/SOURCES.txt'
reading manifest file '../../../build/PubSubBlue/PubSubBlue.egg-info/SOURCES.txt'
writing manifest file '../../../build/PubSubBlue/PubSubBlue.egg-info/SOURCES.txt'
running build
running build_py
creating /home/igor/Desktop/bluetooth arduino/build/PubSubBlue/build
creating /home/igor/Desktop/bluetooth arduino/build/PubSubBlue/build/lib
creating /home/igor/Desktop/bluetooth arduino/build/PubSubBlue/build/lib/PubSubBlue
copying PubSubBlue/__init__.py -> /home/igor/Desktop/bluetooth arduino/build/PubSubBlue/build/lib/PubSubBlue
copying PubSubBlue/BTSend.py -> /home/igor/Desktop/bluetooth arduino/build/PubSubBlue/build/lib/PubSubBlue
copying PubSubBlue/BTReceive.py -> /home/igor/Desktop/bluetooth arduino/build/PubSubBlue/build/lib/PubSubBlue
copying PubSubBlue/Connect.py -> /home/igor/Desktop/bluetooth arduino/build/PubSubBlue/build/lib/PubSubBlue
running install
running install_lib
creating /home/igor/Desktop/bluetooth arduino/install/PubSubBlue/lib/python3.10/site-packages/PubSubBlue
copying /home/igor/Desktop/bluetooth arduino/build/PubSubBlue/build/lib/PubSubBlue/__init__.py -> /home/igor/Desktop/bluetooth arduino/install/PubSubBlue/lib/python3.10/site-packages/PubSubBlue
copying /home/igor/Desktop/bluetooth arduino/build/PubSubBlue/build/lib/PubSubBlue/BTSend.py -> /home/igor/Desktop/bluetooth arduino/install/PubSubBlue/lib/python3.10/site-packages/PubSubBlue
copying /home/igor/Desktop/bluetooth arduino/build/PubSubBlue/build/lib/PubSubBlue/BTReceive.py -> /home/igor/Desktop/bluetooth arduino/install/PubSubBlue/lib/python3.10/site-packages/PubSubBlue
copying /home/igor/Desktop/bluetooth arduino/build/PubSubBlue/build/lib/PubSubBlue/Connect.py -> /home/igor/Desktop/bluetooth arduino/install/PubSubBlue/lib/python3.10/site-packages/PubSubBlue
byte-compiling /home/igor/Desktop/bluetooth arduino/install/PubSubBlue/lib/python3.10/site-packages/PubSubBlue/__init__.py to __init__.cpython-310.pyc
byte-compiling /home/igor/Desktop/bluetooth arduino/install/PubSubBlue/lib/python3.10/site-packages/PubSubBlue/BTSend.py to BTSend.cpython-310.pyc
byte-compiling /home/igor/Desktop/bluetooth arduino/install/PubSubBlue/lib/python3.10/site-packages/PubSubBlue/BTReceive.py to BTReceive.cpython-310.pyc
byte-compiling /home/igor/Desktop/bluetooth arduino/install/PubSubBlue/lib/python3.10/site-packages/PubSubBlue/Connect.py to Connect.cpython-310.pyc
running install_data
creating /home/igor/Desktop/bluetooth arduino/install/PubSubBlue/share/ament_index
creating /home/igor/Desktop/bluetooth arduino/install/PubSubBlue/share/ament_index/resource_index
creating /home/igor/Desktop/bluetooth arduino/install/PubSubBlue/share/ament_index/resource_index/packages
copying resource/PubSubBlue -> /home/igor/Desktop/bluetooth arduino/install/PubSubBlue/share/ament_index/resource_index/packages
copying package.xml -> /home/igor/Desktop/bluetooth arduino/install/PubSubBlue/share/PubSubBlue
running install_egg_info
Copying ../../../build/PubSubBlue/PubSubBlue.egg-info to /home/igor/Desktop/bluetooth arduino/install/PubSubBlue/lib/python3.10/site-packages/PubSubBlue-0.0.0-py3.10.egg-info
running install_scripts
Installing Receive script to /home/igor/Desktop/bluetooth arduino/install/PubSubBlue/lib/PubSubBlue
Installing Send script to /home/igor/Desktop/bluetooth arduino/install/PubSubBlue/lib/PubSubBlue
writing list of installed files to '/home/igor/Desktop/bluetooth arduino/build/PubSubBlue/install.log'
